<?xml version="1.0" encoding="UTF-8"?>
<coverage generated="1646420512331" clover="3.2.0">
  <project timestamp="1646420512331" name="All files">
    <metrics statements="6" coveredstatements="0" conditionals="0" coveredconditionals="0" methods="0" coveredmethods="0" elements="6" coveredelements="0" complexity="0" loc="6" ncloc="6" packages="2" files="2" classes="2"/>
    <package name="controllers.signup">
      <metrics statements="4" coveredstatements="0" conditionals="0" coveredconditionals="0" methods="0" coveredmethods="0"/>
      <file name="signup-protocols.ts" path="D:\projetos_node\clean-node-api\src\presentation\controllers\signup\signup-protocols.ts">
        <metrics statements="4" coveredstatements="0" conditionals="0" coveredconditionals="0" methods="0" coveredmethods="0"/>
        <line num="1" count="0" type="stmt"/>
        <line num="2" count="0" type="stmt"/>
        <line num="3" count="0" type="stmt"/>
        <line num="4" count="0" type="stmt"/>
      </file>
    </package>
    <package name="protocols">
      <metrics statements="2" coveredstatements="0" conditionals="0" coveredconditionals="0" methods="0" coveredmethods="0"/>
      <file name="index.ts" path="D:\projetos_node\clean-node-api\src\presentation\protocols\index.ts">
        <metrics statements="2" coveredstatements="0" conditionals="0" coveredconditionals="0" methods="0" coveredmethods="0"/>
        <line num="1" count="0" type="stmt"/>
        <line num="2" count="0" type="stmt"/>
      </file>
    </package>
  </project>
</coverage>
