TN:
SF:src\presentation\controllers\signup\signup-protocols.ts
FNF:0
FNH:0
DA:1,0
DA:2,0
DA:3,0
DA:4,0
LF:4
LH:0
BRF:0
BRH:0
end_of_record
TN:
SF:src\presentation\controllers\signup\signup.ts
FN:10,(anonymous_0)
FN:15,(anonymous_1)
FNF:2
FNH:2
FNDA:11,(anonymous_0)
FNDA:11,(anonymous_1)
DA:2,1
DA:3,1
DA:6,1
DA:11,11
DA:12,11
DA:16,11
DA:17,11
DA:18,11
DA:19,39
DA:20,4
DA:24,7
DA:25,7
DA:26,1
DA:29,6
DA:30,5
DA:31,1
DA:33,4
DA:39,3
DA:41,2
LF:19
LH:19
BRDA:19,0,0,4
BRDA:25,1,0,1
BRDA:30,2,0,1
BRF:3
BRH:3
end_of_record
TN:
SF:src\presentation\errors\index.ts
FNF:0
FNH:0
DA:1,1
DA:2,1
DA:3,1
LF:3
LH:3
BRF:0
BRH:0
end_of_record
